e:\c\build\main.dir\debug\vc143.pdb
e:\c\build\main.dir\debug\find.obj
e:\c\build\main.dir\debug\delete.obj
e:\c\build\main.dir\debug\remove.obj
e:\c\build\main.dir\debug\makeempty.obj
e:\c\build\main.dir\debug\insert.obj
e:\c\build\main.dir\debug\length.obj
e:\c\build\main.dir\debug\linklist.obj
e:\c\build\main.dir\debug\main.obj
e:\c\build\main.dir\debug\sort.obj
e:\c\build\main.dir\debug\travel.obj
e:\c\build\cmakefiles\generate.stamp
e:\c\bin\debug\main.exe
e:\c\build\main.dir\debug\main.ilk
e:\c\bin\debug\main.pdb
e:\c\build\main.dir\debug\main.tlog\cl.command.1.tlog
e:\c\build\main.dir\debug\main.tlog\cl.read.1.tlog
e:\c\build\main.dir\debug\main.tlog\cl.write.1.tlog
e:\c\build\main.dir\debug\main.tlog\custombuild.command.1.tlog
e:\c\build\main.dir\debug\main.tlog\custombuild.read.1.tlog
e:\c\build\main.dir\debug\main.tlog\custombuild.write.1.tlog
e:\c\build\main.dir\debug\main.tlog\link.command.1.tlog
e:\c\build\main.dir\debug\main.tlog\link.read.1.tlog
e:\c\build\main.dir\debug\main.tlog\link.write.1.tlog
