e:\c\lib\debug\f_link.pdb
e:\c\build\f_link.dir\debug\find.obj
e:\c\build\f_link.dir\debug\delete.obj
e:\c\build\f_link.dir\debug\remove.obj
e:\c\build\f_link.dir\debug\makeempty.obj
e:\c\build\f_link.dir\debug\insert.obj
e:\c\build\f_link.dir\debug\length.obj
e:\c\build\f_link.dir\debug\linklist.obj
e:\c\build\f_link.dir\debug\travel.obj
e:\c\build\f_link.dir\debug\sort.obj
e:\c\build\cmakefiles\generate.stamp
e:\c\lib\debug\f_link.lib
e:\c\build\f_link.dir\debug\f_link.tlog\cl.command.1.tlog
e:\c\build\f_link.dir\debug\f_link.tlog\cl.read.1.tlog
e:\c\build\f_link.dir\debug\f_link.tlog\cl.write.1.tlog
e:\c\build\f_link.dir\debug\f_link.tlog\custombuild.command.1.tlog
e:\c\build\f_link.dir\debug\f_link.tlog\custombuild.read.1.tlog
e:\c\build\f_link.dir\debug\f_link.tlog\custombuild.write.1.tlog
e:\c\build\f_link.dir\debug\f_link.tlog\lib-link.read.1.tlog
e:\c\build\f_link.dir\debug\f_link.tlog\lib-link.write.1.tlog
e:\c\build\f_link.dir\debug\f_link.tlog\lib.command.1.tlog
